# JRE version: OpenJDK Runtime Environment Temurin-21.0.8+9 (21.0.8+9) (build 21.0.8+9-LTS)
# Java VM: OpenJDK 64-Bit Server VM Temurin-21.0.8+9 (21.0.8+9-LTS, mixed mode, sharing, tiered, compressed oops, compressed class ptrs, parallel gc, windows-amd64)
GC Precious Log:
 CardTable entry size: 512
 CPUs: 12 total, 12 available
 Memory: 15710M
 Large Page Support: Disabled
 NUMA Support: Disabled
 Compressed Oops: Enabled (32-bit)
 Alignments: Space 512K, Generation 512K, Heap 2M
 Heap Min Capacity: 100M
 Heap Initial Capacity: 100M
 Heap Max Capacity: 2G
 Pre-touch: Disabled
 Parallel Workers: 10
Heap:
 PSYoungGen      total 22016K, used 18474K [0x00000000d5580000, 0x00000000d6e80000, 0x0000000100000000)
  eden space 19456K, 83% used [0x00000000d5580000,0x00000000d65636f0,0x00000000d6880000)
  from space 2560K, 86% used [0x00000000d6880000,0x00000000d6aa7450,0x00000000d6b00000)
  to   space 3072K, 0% used [0x00000000d6b80000,0x00000000d6b80000,0x00000000d6e80000)
 ParOldGen       total 68608K, used 48777K [0x0000000080000000, 0x0000000084300000, 0x00000000d5580000)
  object space 68608K, 71% used [0x0000000080000000,0x0000000082fa25e0,0x0000000084300000)
 Metaspace       used 48541K, committed 49856K, reserved 1114112K
  class space    used 5263K, committed 5824K, reserved 1048576K
GC Heap History (20 events):
Event: 19.851 GC heap before
{Heap before GC invocations=24 (full 2):
 PSYoungGen      total 23040K, used 23020K [0x00000000d5580000, 0x00000000d7300000, 0x0000000100000000)
  eden space 20992K, 100% used [0x00000000d5580000,0x00000000d6a00000,0x00000000d6a00000)
  from space 2048K, 99% used [0x00000000d6a00000,0x00000000d6bfb1b0,0x00000000d6c00000)
  to   space 4608K, 0% used [0x00000000d6e80000,0x00000000d6e80000,0x00000000d7300000)
 ParOldGen       total 68608K, used 30670K [0x0000000080000000, 0x0000000084300000, 0x00000000d5580000)
  object space 68608K, 44% used [0x0000000080000000,0x0000000081df3b08,0x0000000084300000)
 Metaspace       used 42543K, committed 43776K, reserved 1114112K
  class space    used 4541K, committed 5056K, reserved 1048576K
}
Event: 19.855 GC heap after
{Heap after GC invocations=24 (full 2):
 PSYoungGen      total 23552K, used 2048K [0x00000000d5580000, 0x00000000d7100000, 0x0000000100000000)
  eden space 20992K, 0% used [0x00000000d5580000,0x00000000d5580000,0x00000000d6a00000)
  from space 2560K, 80% used [0x00000000d6e80000,0x00000000d7080030,0x00000000d7100000)
  to   space 3072K, 0% used [0x00000000d6b00000,0x00000000d6b00000,0x00000000d6e00000)
 ParOldGen       total 68608K, used 32555K [0x0000000080000000, 0x0000000084300000, 0x00000000d5580000)
  object space 68608K, 47% used [0x0000000080000000,0x0000000081fcafc0,0x0000000084300000)
 Metaspace       used 42543K, committed 43776K, reserved 1114112K
  class space    used 4541K, committed 5056K, reserved 1048576K
}
Event: 19.924 GC heap before
{Heap before GC invocations=25 (full 2):
 PSYoungGen      total 23552K, used 23040K [0x00000000d5580000, 0x00000000d7100000, 0x0000000100000000)
  eden space 20992K, 100% used [0x00000000d5580000,0x00000000d6a00000,0x00000000d6a00000)
  from space 2560K, 80% used [0x00000000d6e80000,0x00000000d7080030,0x00000000d7100000)
  to   space 3072K, 0% used [0x00000000d6b00000,0x00000000d6b00000,0x00000000d6e00000)
 ParOldGen       total 68608K, used 32555K [0x0000000080000000, 0x0000000084300000, 0x00000000d5580000)
  object space 68608K, 47% used [0x0000000080000000,0x0000000081fcafc0,0x0000000084300000)
 Metaspace       used 43071K, committed 44288K, reserved 1114112K
  class space    used 4595K, committed 5120K, reserved 1048576K
}
Event: 19.928 GC heap after
{Heap after GC invocations=25 (full 2):
 PSYoungGen      total 23040K, used 1720K [0x00000000d5580000, 0x00000000d6f00000, 0x0000000100000000)
  eden space 20992K, 0% used [0x00000000d5580000,0x00000000d5580000,0x00000000d6a00000)
  from space 2048K, 84% used [0x00000000d6b00000,0x00000000d6cae200,0x00000000d6d00000)
  to   space 2048K, 0% used [0x00000000d6d00000,0x00000000d6d00000,0x00000000d6f00000)
 ParOldGen       total 68608K, used 34459K [0x0000000080000000, 0x0000000084300000, 0x00000000d5580000)
  object space 68608K, 50% used [0x0000000080000000,0x00000000821a6ff0,0x0000000084300000)
 Metaspace       used 43071K, committed 44288K, reserved 1114112K
  class space    used 4595K, committed 5120K, reserved 1048576K
}
Event: 19.985 GC heap before
{Heap before GC invocations=26 (full 2):
 PSYoungGen      total 23040K, used 22712K [0x00000000d5580000, 0x00000000d6f00000, 0x0000000100000000)
  eden space 20992K, 100% used [0x00000000d5580000,0x00000000d6a00000,0x00000000d6a00000)
  from space 2048K, 84% used [0x00000000d6b00000,0x00000000d6cae200,0x00000000d6d00000)
  to   space 2048K, 0% used [0x00000000d6d00000,0x00000000d6d00000,0x00000000d6f00000)
 ParOldGen       total 68608K, used 34459K [0x0000000080000000, 0x0000000084300000, 0x00000000d5580000)
  object space 68608K, 50% used [0x0000000080000000,0x00000000821a6ff0,0x0000000084300000)
 Metaspace       used 43483K, committed 44672K, reserved 1114112K
  class space    used 4645K, committed 5184K, reserved 1048576K
}
Event: 19.987 GC heap after
{Heap after GC invocations=26 (full 2):
 PSYoungGen      total 23040K, used 1984K [0x00000000d5580000, 0x00000000d6f00000, 0x0000000100000000)
  eden space 20992K, 0% used [0x00000000d5580000,0x00000000d5580000,0x00000000d6a00000)
  from space 2048K, 96% used [0x00000000d6d00000,0x00000000d6ef0000,0x00000000d6f00000)
  to   space 2048K, 0% used [0x00000000d6b00000,0x00000000d6b00000,0x00000000d6d00000)
 ParOldGen       total 68608K, used 36042K [0x0000000080000000, 0x0000000084300000, 0x00000000d5580000)
  object space 68608K, 52% used [0x0000000080000000,0x0000000082332978,0x0000000084300000)
 Metaspace       used 43483K, committed 44672K, reserved 1114112K
  class space    used 4645K, committed 5184K, reserved 1048576K
}
Event: 20.067 GC heap before
{Heap before GC invocations=27 (full 2):
 PSYoungGen      total 23040K, used 22976K [0x00000000d5580000, 0x00000000d6f00000, 0x0000000100000000)
  eden space 20992K, 100% used [0x00000000d5580000,0x00000000d6a00000,0x00000000d6a00000)
  from space 2048K, 96% used [0x00000000d6d00000,0x00000000d6ef0000,0x00000000d6f00000)
  to   space 2048K, 0% used [0x00000000d6b00000,0x00000000d6b00000,0x00000000d6d00000)
 ParOldGen       total 68608K, used 36042K [0x0000000080000000, 0x0000000084300000, 0x00000000d5580000)
  object space 68608K, 52% used [0x0000000080000000,0x0000000082332978,0x0000000084300000)
 Metaspace       used 44042K, committed 45248K, reserved 1114112K
  class space    used 4713K, committed 5248K, reserved 1048576K
}
Event: 20.069 GC heap after
{Heap after GC invocations=27 (full 2):
 PSYoungGen      total 23040K, used 2038K [0x00000000d5580000, 0x00000000d7300000, 0x0000000100000000)
  eden space 20992K, 0% used [0x00000000d5580000,0x00000000d5580000,0x00000000d6a00000)
  from space 2048K, 99% used [0x00000000d6b00000,0x00000000d6cfd808,0x00000000d6d00000)
  to   space 4608K, 0% used [0x00000000d6e80000,0x00000000d6e80000,0x00000000d7300000)
 ParOldGen       total 68608K, used 37854K [0x0000000080000000, 0x0000000084300000, 0x00000000d5580000)
  object space 68608K, 55% used [0x0000000080000000,0x00000000824f79d0,0x0000000084300000)
 Metaspace       used 44042K, committed 45248K, reserved 1114112K
  class space    used 4713K, committed 5248K, reserved 1048576K
}
Event: 20.251 GC heap before
{Heap before GC invocations=28 (full 2):
 PSYoungGen      total 23040K, used 23030K [0x00000000d5580000, 0x00000000d7300000, 0x0000000100000000)
  eden space 20992K, 99% used [0x00000000d5580000,0x00000000d69ffff8,0x00000000d6a00000)
  from space 2048K, 99% used [0x00000000d6b00000,0x00000000d6cfd808,0x00000000d6d00000)
  to   space 4608K, 0% used [0x00000000d6e80000,0x00000000d6e80000,0x00000000d7300000)
 ParOldGen       total 68608K, used 37854K [0x0000000080000000, 0x0000000084300000, 0x00000000d5580000)
  object space 68608K, 55% used [0x0000000080000000,0x00000000824f79d0,0x0000000084300000)
 Metaspace       used 45959K, committed 47232K, reserved 1114112K
  class space    used 4936K, committed 5504K, reserved 1048576K
}
Event: 20.253 GC heap after
{Heap after GC invocations=28 (full 2):
 PSYoungGen      total 23552K, used 2266K [0x00000000d5580000, 0x00000000d7100000, 0x0000000100000000)
  eden space 20992K, 0% used [0x00000000d5580000,0x00000000d5580000,0x00000000d6a00000)
  from space 2560K, 88% used [0x00000000d6e80000,0x00000000d70b6a10,0x00000000d7100000)
  to   space 3072K, 0% used [0x00000000d6b00000,0x00000000d6b00000,0x00000000d6e00000)
 ParOldGen       total 68608K, used 39900K [0x0000000080000000, 0x0000000084300000, 0x00000000d5580000)
  object space 68608K, 58% used [0x0000000080000000,0x00000000826f71d8,0x0000000084300000)
 Metaspace       used 45959K, committed 47232K, reserved 1114112K
  class space    used 4936K, committed 5504K, reserved 1048576K
}
Event: 20.333 GC heap before
{Heap before GC invocations=29 (full 2):
 PSYoungGen      total 23552K, used 23258K [0x00000000d5580000, 0x00000000d7100000, 0x0000000100000000)
  eden space 20992K, 100% used [0x00000000d5580000,0x00000000d6a00000,0x00000000d6a00000)
  from space 2560K, 88% used [0x00000000d6e80000,0x00000000d70b6a10,0x00000000d7100000)
  to   space 3072K, 0% used [0x00000000d6b00000,0x00000000d6b00000,0x00000000d6e00000)
 ParOldGen       total 68608K, used 39900K [0x0000000080000000, 0x0000000084300000, 0x00000000d5580000)
  object space 68608K, 58% used [0x0000000080000000,0x00000000826f71d8,0x0000000084300000)
 Metaspace       used 46387K, committed 47616K, reserved 1114112K
  class space    used 5000K, committed 5568K, reserved 1048576K
}
Event: 20.335 GC heap after
{Heap after GC invocations=29 (full 2):
 PSYoungGen      total 23552K, used 2518K [0x00000000d5580000, 0x00000000d7000000, 0x0000000100000000)
  eden space 20992K, 0% used [0x00000000d5580000,0x00000000d5580000,0x00000000d6a00000)
  from space 2560K, 98% used [0x00000000d6b00000,0x00000000d6d75808,0x00000000d6d80000)
  to   space 2560K, 0% used [0x00000000d6d80000,0x00000000d6d80000,0x00000000d7000000)
 ParOldGen       total 68608K, used 42015K [0x0000000080000000, 0x0000000084300000, 0x00000000d5580000)
  object space 68608K, 61% used [0x0000000080000000,0x0000000082907ff8,0x0000000084300000)
 Metaspace       used 46387K, committed 47616K, reserved 1114112K
  class space    used 5000K, committed 5568K, reserved 1048576K
}
Event: 20.466 GC heap before
{Heap before GC invocations=30 (full 2):
 PSYoungGen      total 23552K, used 23510K [0x00000000d5580000, 0x00000000d7000000, 0x0000000100000000)
  eden space 20992K, 100% used [0x00000000d5580000,0x00000000d6a00000,0x00000000d6a00000)
  from space 2560K, 98% used [0x00000000d6b00000,0x00000000d6d75808,0x00000000d6d80000)
  to   space 2560K, 0% used [0x00000000d6d80000,0x00000000d6d80000,0x00000000d7000000)
 ParOldGen       total 68608K, used 42015K [0x0000000080000000, 0x0000000084300000, 0x00000000d5580000)
  object space 68608K, 61% used [0x0000000080000000,0x0000000082907ff8,0x0000000084300000)
 Metaspace       used 47367K, committed 48640K, reserved 1114112K
  class space    used 5127K, committed 5696K, reserved 1048576K
}
Event: 20.468 GC heap after
{Heap after GC invocations=30 (full 2):
 PSYoungGen      total 23552K, used 2049K [0x00000000d5580000, 0x00000000d7000000, 0x0000000100000000)
  eden space 20992K, 0% used [0x00000000d5580000,0x00000000d5580000,0x00000000d6a00000)
  from space 2560K, 80% used [0x00000000d6d80000,0x00000000d6f804b8,0x00000000d7000000)
  to   space 2560K, 0% used [0x00000000d6b00000,0x00000000d6b00000,0x00000000d6d80000)
 ParOldGen       total 68608K, used 44276K [0x0000000080000000, 0x0000000084300000, 0x00000000d5580000)
  object space 68608K, 64% used [0x0000000080000000,0x0000000082b3d208,0x0000000084300000)
 Metaspace       used 47367K, committed 48640K, reserved 1114112K
  class space    used 5127K, committed 5696K, reserved 1048576K
}
Event: 20.527 GC heap before
{Heap before GC invocations=31 (full 2):
 PSYoungGen      total 23552K, used 23041K [0x00000000d5580000, 0x00000000d7000000, 0x0000000100000000)
  eden space 20992K, 100% used [0x00000000d5580000,0x00000000d6a00000,0x00000000d6a00000)
  from space 2560K, 80% used [0x00000000d6d80000,0x00000000d6f804b8,0x00000000d7000000)
  to   space 2560K, 0% used [0x00000000d6b00000,0x00000000d6b00000,0x00000000d6d80000)
 ParOldGen       total 68608K, used 44276K [0x0000000080000000, 0x0000000084300000, 0x00000000d5580000)
  object space 68608K, 64% used [0x0000000080000000,0x0000000082b3d208,0x0000000084300000)
 Metaspace       used 47684K, committed 48960K, reserved 1114112K
  class space    used 5159K, committed 5760K, reserved 1048576K
}
Event: 20.530 GC heap after
{Heap after GC invocations=31 (full 2):
 PSYoungGen      total 23040K, used 2022K [0x00000000d5580000, 0x00000000d6f00000, 0x0000000100000000)
  eden space 20992K, 0% used [0x00000000d5580000,0x00000000d5580000,0x00000000d6a00000)
  from space 2048K, 98% used [0x00000000d6b00000,0x00000000d6cf9818,0x00000000d6d00000)
  to   space 2048K, 0% used [0x00000000d6d00000,0x00000000d6d00000,0x00000000d6f00000)
 ParOldGen       total 68608K, used 46041K [0x0000000080000000, 0x0000000084300000, 0x00000000d5580000)
  object space 68608K, 67% used [0x0000000080000000,0x0000000082cf65c8,0x0000000084300000)
 Metaspace       used 47684K, committed 48960K, reserved 1114112K
  class space    used 5159K, committed 5760K, reserved 1048576K
}
Event: 20.716 GC heap before
{Heap before GC invocations=32 (full 2):
 PSYoungGen      total 23040K, used 23014K [0x00000000d5580000, 0x00000000d6f00000, 0x0000000100000000)
  eden space 20992K, 100% used [0x00000000d5580000,0x00000000d6a00000,0x00000000d6a00000)
  from space 2048K, 98% used [0x00000000d6b00000,0x00000000d6cf9818,0x00000000d6d00000)
  to   space 2048K, 0% used [0x00000000d6d00000,0x00000000d6d00000,0x00000000d6f00000)
 ParOldGen       total 68608K, used 46041K [0x0000000080000000, 0x0000000084300000, 0x00000000d5580000)
  object space 68608K, 67% used [0x0000000080000000,0x0000000082cf65c8,0x0000000084300000)
 Metaspace       used 48512K, committed 49792K, reserved 1114112K
  class space    used 5263K, committed 5824K, reserved 1048576K
}
Event: 20.718 GC heap after
{Heap after GC invocations=32 (full 2):
 PSYoungGen      total 21504K, used 2038K [0x00000000d5580000, 0x00000000d7300000, 0x0000000100000000)
  eden space 19456K, 0% used [0x00000000d5580000,0x00000000d5580000,0x00000000d6880000)
  from space 2048K, 99% used [0x00000000d6d00000,0x00000000d6efd808,0x00000000d6f00000)
  to   space 4608K, 0% used [0x00000000d6880000,0x00000000d6880000,0x00000000d6d00000)
 ParOldGen       total 68608K, used 47975K [0x0000000080000000, 0x0000000084300000, 0x00000000d5580000)
  object space 68608K, 69% used [0x0000000080000000,0x0000000082ed9dd0,0x0000000084300000)
 Metaspace       used 48512K, committed 49792K, reserved 1114112K
  class space    used 5263K, committed 5824K, reserved 1048576K
}
Event: 20.825 GC heap before
{Heap before GC invocations=33 (full 2):
 PSYoungGen      total 21504K, used 21494K [0x00000000d5580000, 0x00000000d7300000, 0x0000000100000000)
  eden space 19456K, 100% used [0x00000000d5580000,0x00000000d6880000,0x00000000d6880000)
  from space 2048K, 99% used [0x00000000d6d00000,0x00000000d6efd808,0x00000000d6f00000)
  to   space 4608K, 0% used [0x00000000d6880000,0x00000000d6880000,0x00000000d6d00000)
 ParOldGen       total 68608K, used 47975K [0x0000000080000000, 0x0000000084300000, 0x00000000d5580000)
  object space 68608K, 69% used [0x0000000080000000,0x0000000082ed9dd0,0x0000000084300000)
 Metaspace       used 48526K, committed 49792K, reserved 1114112K
  class space    used 5263K, committed 5824K, reserved 1048576K
}
Event: 20.827 GC heap after
{Heap after GC invocations=33 (full 2):
 PSYoungGen      total 22016K, used 2205K [0x00000000d5580000, 0x00000000d6e80000, 0x0000000100000000)
  eden space 19456K, 0% used [0x00000000d5580000,0x00000000d5580000,0x00000000d6880000)
  from space 2560K, 86% used [0x00000000d6880000,0x00000000d6aa7450,0x00000000d6b00000)
  to   space 3072K, 0% used [0x00000000d6b80000,0x00000000d6b80000,0x00000000d6e80000)
 ParOldGen       total 68608K, used 48777K [0x0000000080000000, 0x0000000084300000, 0x00000000d5580000)
  object space 68608K, 71% used [0x0000000080000000,0x0000000082fa25e0,0x0000000084300000)
 Metaspace       used 48526K, committed 49792K, reserved 1114112K
  class space    used 5263K, committed 5824K, reserved 1048576K
}

