# JRE version: OpenJDK Runtime Environment Temurin-21.0.8+9 (21.0.8+9) (build 21.0.8+9-LTS)
# Java VM: OpenJDK 64-Bit Server VM Temurin-21.0.8+9 (21.0.8+9-LTS, mixed mode, sharing, tiered, compressed oops, compressed class ptrs, parallel gc, windows-amd64)
GC Precious Log:
 CardTable entry size: 512
 CPUs: 12 total, 12 available
 Memory: 15710M
 Large Page Support: Disabled
 NUMA Support: Disabled
 Compressed Oops: Enabled (32-bit)
 Alignments: Space 512K, Generation 512K, Heap 2M
 Heap Min Capacity: 100M
 Heap Initial Capacity: 100M
 Heap Max Capacity: 2G
 Pre-touch: Disabled
 Parallel Workers: 10
Heap:
 PSYoungGen      total 19968K, used 3775K [0x00000000d5580000, 0x00000000d6b00000, 0x0000000100000000)
  eden space 18944K, 14% used [0x00000000d5580000,0x00000000d5837e78,0x00000000d6800000)
  from space 1024K, 96% used [0x00000000d6800000,0x00000000d68f8000,0x00000000d6900000)
  to   space 1536K, 0% used [0x00000000d6980000,0x00000000d6980000,0x00000000d6b00000)
 ParOldGen       total 68608K, used 34522K [0x0000000080000000, 0x0000000084300000, 0x00000000d5580000)
  object space 68608K, 50% used [0x0000000080000000,0x00000000821b6a38,0x0000000084300000)
 Metaspace       used 45668K, committed 46784K, reserved 1114112K
  class space    used 4678K, committed 5184K, reserved 1048576K
GC Heap History (20 events):
Event: 6.078 GC heap before
{Heap before GC invocations=20 (full 1):
 PSYoungGen      total 22528K, used 3517K [0x00000000d5580000, 0x00000000d6e00000, 0x0000000100000000)
  eden space 20480K, 8% used [0x00000000d5580000,0x00000000d5726ec8,0x00000000d6980000)
  from space 2048K, 89% used [0x00000000d6c00000,0x00000000d6dc8768,0x00000000d6e00000)
  to   space 2048K, 0% used [0x00000000d6a00000,0x00000000d6a00000,0x00000000d6c00000)
 ParOldGen       total 68608K, used 30578K [0x0000000080000000, 0x0000000084300000, 0x00000000d5580000)
  object space 68608K, 44% used [0x0000000080000000,0x0000000081ddcbf8,0x0000000084300000)
 Metaspace       used 34655K, committed 35840K, reserved 1114112K
  class space    used 3627K, committed 4160K, reserved 1048576K
}
Event: 6.080 GC heap after
{Heap after GC invocations=20 (full 1):
 PSYoungGen      total 20992K, used 352K [0x00000000d5580000, 0x00000000d6c80000, 0x0000000100000000)
  eden space 20480K, 0% used [0x00000000d5580000,0x00000000d5580000,0x00000000d6980000)
  from space 512K, 68% used [0x00000000d6a00000,0x00000000d6a58000,0x00000000d6a80000)
  to   space 1024K, 0% used [0x00000000d6b80000,0x00000000d6b80000,0x00000000d6c80000)
 ParOldGen       total 68608K, used 31754K [0x0000000080000000, 0x0000000084300000, 0x00000000d5580000)
  object space 68608K, 46% used [0x0000000080000000,0x0000000081f02ab0,0x0000000084300000)
 Metaspace       used 34655K, committed 35840K, reserved 1114112K
  class space    used 3627K, committed 4160K, reserved 1048576K
}
Event: 6.080 GC heap before
{Heap before GC invocations=21 (full 2):
 PSYoungGen      total 20992K, used 352K [0x00000000d5580000, 0x00000000d6c80000, 0x0000000100000000)
  eden space 20480K, 0% used [0x00000000d5580000,0x00000000d5580000,0x00000000d6980000)
  from space 512K, 68% used [0x00000000d6a00000,0x00000000d6a58000,0x00000000d6a80000)
  to   space 1024K, 0% used [0x00000000d6b80000,0x00000000d6b80000,0x00000000d6c80000)
 ParOldGen       total 68608K, used 31754K [0x0000000080000000, 0x0000000084300000, 0x00000000d5580000)
  object space 68608K, 46% used [0x0000000080000000,0x0000000081f02ab0,0x0000000084300000)
 Metaspace       used 34655K, committed 35840K, reserved 1114112K
  class space    used 3627K, committed 4160K, reserved 1048576K
}
Event: 6.124 GC heap after
{Heap after GC invocations=21 (full 2):
 PSYoungGen      total 20992K, used 0K [0x00000000d5580000, 0x00000000d6c80000, 0x0000000100000000)
  eden space 20480K, 0% used [0x00000000d5580000,0x00000000d5580000,0x00000000d6980000)
  from space 512K, 0% used [0x00000000d6a00000,0x00000000d6a00000,0x00000000d6a80000)
  to   space 1024K, 0% used [0x00000000d6b80000,0x00000000d6b80000,0x00000000d6c80000)
 ParOldGen       total 68608K, used 28591K [0x0000000080000000, 0x0000000084300000, 0x00000000d5580000)
  object space 68608K, 41% used [0x0000000080000000,0x0000000081bebdd0,0x0000000084300000)
 Metaspace       used 34344K, committed 35840K, reserved 1114112K
  class space    used 3537K, committed 4160K, reserved 1048576K
}
Event: 6.428 GC heap before
{Heap before GC invocations=22 (full 2):
 PSYoungGen      total 20992K, used 20471K [0x00000000d5580000, 0x00000000d6c80000, 0x0000000100000000)
  eden space 20480K, 99% used [0x00000000d5580000,0x00000000d697dcb0,0x00000000d6980000)
  from space 512K, 0% used [0x00000000d6a00000,0x00000000d6a00000,0x00000000d6a80000)
  to   space 1024K, 0% used [0x00000000d6b80000,0x00000000d6b80000,0x00000000d6c80000)
 ParOldGen       total 68608K, used 28591K [0x0000000080000000, 0x0000000084300000, 0x00000000d5580000)
  object space 68608K, 41% used [0x0000000080000000,0x0000000081bebdd0,0x0000000084300000)
 Metaspace       used 35635K, committed 36672K, reserved 1114112K
  class space    used 3665K, committed 4160K, reserved 1048576K
}
Event: 6.428 GC heap after
{Heap after GC invocations=22 (full 2):
 PSYoungGen      total 20992K, used 416K [0x00000000d5580000, 0x00000000d6c00000, 0x0000000100000000)
  eden space 20480K, 0% used [0x00000000d5580000,0x00000000d5580000,0x00000000d6980000)
  from space 512K, 81% used [0x00000000d6b80000,0x00000000d6be8000,0x00000000d6c00000)
  to   space 512K, 0% used [0x00000000d6a00000,0x00000000d6a00000,0x00000000d6a80000)
 ParOldGen       total 68608K, used 28599K [0x0000000080000000, 0x0000000084300000, 0x00000000d5580000)
  object space 68608K, 41% used [0x0000000080000000,0x0000000081beddd0,0x0000000084300000)
 Metaspace       used 35635K, committed 36672K, reserved 1114112K
  class space    used 3665K, committed 4160K, reserved 1048576K
}
Event: 6.764 GC heap before
{Heap before GC invocations=23 (full 2):
 PSYoungGen      total 20992K, used 20896K [0x00000000d5580000, 0x00000000d6c00000, 0x0000000100000000)
  eden space 20480K, 100% used [0x00000000d5580000,0x00000000d6980000,0x00000000d6980000)
  from space 512K, 81% used [0x00000000d6b80000,0x00000000d6be8000,0x00000000d6c00000)
  to   space 512K, 0% used [0x00000000d6a00000,0x00000000d6a00000,0x00000000d6a80000)
 ParOldGen       total 68608K, used 28599K [0x0000000080000000, 0x0000000084300000, 0x00000000d5580000)
  object space 68608K, 41% used [0x0000000080000000,0x0000000081beddd0,0x0000000084300000)
 Metaspace       used 37666K, committed 38720K, reserved 1114112K
  class space    used 3868K, committed 4352K, reserved 1048576K
}
Event: 6.766 GC heap after
{Heap after GC invocations=23 (full 2):
 PSYoungGen      total 20992K, used 512K [0x00000000d5580000, 0x00000000d6c00000, 0x0000000100000000)
  eden space 20480K, 0% used [0x00000000d5580000,0x00000000d5580000,0x00000000d6980000)
  from space 512K, 100% used [0x00000000d6a00000,0x00000000d6a80000,0x00000000d6a80000)
  to   space 1024K, 0% used [0x00000000d6b00000,0x00000000d6b00000,0x00000000d6c00000)
 ParOldGen       total 68608K, used 28887K [0x0000000080000000, 0x0000000084300000, 0x00000000d5580000)
  object space 68608K, 42% used [0x0000000080000000,0x0000000081c35dd0,0x0000000084300000)
 Metaspace       used 37666K, committed 38720K, reserved 1114112K
  class space    used 3868K, committed 4352K, reserved 1048576K
}
Event: 6.863 GC heap before
{Heap before GC invocations=24 (full 2):
 PSYoungGen      total 20992K, used 20992K [0x00000000d5580000, 0x00000000d6c00000, 0x0000000100000000)
  eden space 20480K, 100% used [0x00000000d5580000,0x00000000d6980000,0x00000000d6980000)
  from space 512K, 100% used [0x00000000d6a00000,0x00000000d6a80000,0x00000000d6a80000)
  to   space 1024K, 0% used [0x00000000d6b00000,0x00000000d6b00000,0x00000000d6c00000)
 ParOldGen       total 68608K, used 28887K [0x0000000080000000, 0x0000000084300000, 0x00000000d5580000)
  object space 68608K, 42% used [0x0000000080000000,0x0000000081c35dd0,0x0000000084300000)
 Metaspace       used 37965K, committed 39040K, reserved 1114112K
  class space    used 3886K, committed 4352K, reserved 1048576K
}
Event: 6.865 GC heap after
{Heap after GC invocations=24 (full 2):
 PSYoungGen      total 20992K, used 1014K [0x00000000d5580000, 0x00000000d6d80000, 0x0000000100000000)
  eden space 19968K, 0% used [0x00000000d5580000,0x00000000d5580000,0x00000000d6900000)
  from space 1024K, 99% used [0x00000000d6b00000,0x00000000d6bfd878,0x00000000d6c00000)
  to   space 2048K, 0% used [0x00000000d6900000,0x00000000d6900000,0x00000000d6b00000)
 ParOldGen       total 68608K, used 29366K [0x0000000080000000, 0x0000000084300000, 0x00000000d5580000)
  object space 68608K, 42% used [0x0000000080000000,0x0000000081cad990,0x0000000084300000)
 Metaspace       used 37965K, committed 39040K, reserved 1114112K
  class space    used 3886K, committed 4352K, reserved 1048576K
}
Event: 6.926 GC heap before
{Heap before GC invocations=25 (full 2):
 PSYoungGen      total 20992K, used 20982K [0x00000000d5580000, 0x00000000d6d80000, 0x0000000100000000)
  eden space 19968K, 100% used [0x00000000d5580000,0x00000000d6900000,0x00000000d6900000)
  from space 1024K, 99% used [0x00000000d6b00000,0x00000000d6bfd878,0x00000000d6c00000)
  to   space 2048K, 0% used [0x00000000d6900000,0x00000000d6900000,0x00000000d6b00000)
 ParOldGen       total 68608K, used 29366K [0x0000000080000000, 0x0000000084300000, 0x00000000d5580000)
  object space 68608K, 42% used [0x0000000080000000,0x0000000081cad990,0x0000000084300000)
 Metaspace       used 38874K, committed 39936K, reserved 1114112K
  class space    used 3971K, committed 4416K, reserved 1048576K
}
Event: 6.927 GC heap after
{Heap after GC invocations=25 (full 2):
 PSYoungGen      total 20480K, used 320K [0x00000000d5580000, 0x00000000d6b80000, 0x0000000100000000)
  eden space 19968K, 0% used [0x00000000d5580000,0x00000000d5580000,0x00000000d6900000)
  from space 512K, 62% used [0x00000000d6900000,0x00000000d6950000,0x00000000d6980000)
  to   space 1024K, 0% used [0x00000000d6a80000,0x00000000d6a80000,0x00000000d6b80000)
 ParOldGen       total 68608K, used 29454K [0x0000000080000000, 0x0000000084300000, 0x00000000d5580000)
  object space 68608K, 42% used [0x0000000080000000,0x0000000081cc3990,0x0000000084300000)
 Metaspace       used 38874K, committed 39936K, reserved 1114112K
  class space    used 3971K, committed 4416K, reserved 1048576K
}
Event: 7.252 GC heap before
{Heap before GC invocations=26 (full 2):
 PSYoungGen      total 20480K, used 20288K [0x00000000d5580000, 0x00000000d6b80000, 0x0000000100000000)
  eden space 19968K, 100% used [0x00000000d5580000,0x00000000d6900000,0x00000000d6900000)
  from space 512K, 62% used [0x00000000d6900000,0x00000000d6950000,0x00000000d6980000)
  to   space 1024K, 0% used [0x00000000d6a80000,0x00000000d6a80000,0x00000000d6b80000)
 ParOldGen       total 68608K, used 29454K [0x0000000080000000, 0x0000000084300000, 0x00000000d5580000)
  object space 68608K, 42% used [0x0000000080000000,0x0000000081cc3990,0x0000000084300000)
 Metaspace       used 41306K, committed 42304K, reserved 1114112K
  class space    used 4236K, committed 4672K, reserved 1048576K
}
Event: 7.254 GC heap after
{Heap after GC invocations=26 (full 2):
 PSYoungGen      total 19968K, used 992K [0x00000000d5580000, 0x00000000d6e00000, 0x0000000100000000)
  eden space 18944K, 0% used [0x00000000d5580000,0x00000000d5580000,0x00000000d6800000)
  from space 1024K, 96% used [0x00000000d6a80000,0x00000000d6b782f0,0x00000000d6b80000)
  to   space 2560K, 0% used [0x00000000d6800000,0x00000000d6800000,0x00000000d6a80000)
 ParOldGen       total 68608K, used 30276K [0x0000000080000000, 0x0000000084300000, 0x00000000d5580000)
  object space 68608K, 44% used [0x0000000080000000,0x0000000081d91018,0x0000000084300000)
 Metaspace       used 41306K, committed 42304K, reserved 1114112K
  class space    used 4236K, committed 4672K, reserved 1048576K
}
Event: 15.825 GC heap before
{Heap before GC invocations=27 (full 2):
 PSYoungGen      total 19968K, used 19936K [0x00000000d5580000, 0x00000000d6e00000, 0x0000000100000000)
  eden space 18944K, 100% used [0x00000000d5580000,0x00000000d6800000,0x00000000d6800000)
  from space 1024K, 96% used [0x00000000d6a80000,0x00000000d6b782f0,0x00000000d6b80000)
  to   space 2560K, 0% used [0x00000000d6800000,0x00000000d6800000,0x00000000d6a80000)
 ParOldGen       total 68608K, used 30276K [0x0000000080000000, 0x0000000084300000, 0x00000000d5580000)
  object space 68608K, 44% used [0x0000000080000000,0x0000000081d91018,0x0000000084300000)
 Metaspace       used 42550K, committed 43584K, reserved 1114112K
  class space    used 4355K, committed 4800K, reserved 1048576K
}
Event: 15.827 GC heap after
{Heap after GC invocations=27 (full 2):
 PSYoungGen      total 21504K, used 2288K [0x00000000d5580000, 0x00000000d6d00000, 0x0000000100000000)
  eden space 18944K, 0% used [0x00000000d5580000,0x00000000d5580000,0x00000000d6800000)
  from space 2560K, 89% used [0x00000000d6800000,0x00000000d6a3c020,0x00000000d6a80000)
  to   space 2560K, 0% used [0x00000000d6a80000,0x00000000d6a80000,0x00000000d6d00000)
 ParOldGen       total 68608K, used 31168K [0x0000000080000000, 0x0000000084300000, 0x00000000d5580000)
  object space 68608K, 45% used [0x0000000080000000,0x0000000081e702c8,0x0000000084300000)
 Metaspace       used 42550K, committed 43584K, reserved 1114112K
  class space    used 4355K, committed 4800K, reserved 1048576K
}
Event: 18.342 GC heap before
{Heap before GC invocations=28 (full 2):
 PSYoungGen      total 21504K, used 21232K [0x00000000d5580000, 0x00000000d6d00000, 0x0000000100000000)
  eden space 18944K, 99% used [0x00000000d5580000,0x00000000d67fffe8,0x00000000d6800000)
  from space 2560K, 89% used [0x00000000d6800000,0x00000000d6a3c020,0x00000000d6a80000)
  to   space 2560K, 0% used [0x00000000d6a80000,0x00000000d6a80000,0x00000000d6d00000)
 ParOldGen       total 68608K, used 31168K [0x0000000080000000, 0x0000000084300000, 0x00000000d5580000)
  object space 68608K, 45% used [0x0000000080000000,0x0000000081e702c8,0x0000000084300000)
 Metaspace       used 44472K, committed 45568K, reserved 1114112K
  class space    used 4538K, committed 5056K, reserved 1048576K
}
Event: 18.345 GC heap after
{Heap after GC invocations=28 (full 2):
 PSYoungGen      total 21504K, used 2296K [0x00000000d5580000, 0x00000000d6d00000, 0x0000000100000000)
  eden space 18944K, 0% used [0x00000000d5580000,0x00000000d5580000,0x00000000d6800000)
  from space 2560K, 89% used [0x00000000d6a80000,0x00000000d6cbe1a8,0x00000000d6d00000)
  to   space 2560K, 0% used [0x00000000d6800000,0x00000000d6800000,0x00000000d6a80000)
 ParOldGen       total 68608K, used 32474K [0x0000000080000000, 0x0000000084300000, 0x00000000d5580000)
  object space 68608K, 47% used [0x0000000080000000,0x0000000081fb6bd8,0x0000000084300000)
 Metaspace       used 44472K, committed 45568K, reserved 1114112K
  class space    used 4538K, committed 5056K, reserved 1048576K
}
Event: 21.164 GC heap before
{Heap before GC invocations=29 (full 2):
 PSYoungGen      total 21504K, used 21240K [0x00000000d5580000, 0x00000000d6d00000, 0x0000000100000000)
  eden space 18944K, 100% used [0x00000000d5580000,0x00000000d6800000,0x00000000d6800000)
  from space 2560K, 89% used [0x00000000d6a80000,0x00000000d6cbe1a8,0x00000000d6d00000)
  to   space 2560K, 0% used [0x00000000d6800000,0x00000000d6800000,0x00000000d6a80000)
 ParOldGen       total 68608K, used 32474K [0x0000000080000000, 0x0000000084300000, 0x00000000d5580000)
  object space 68608K, 47% used [0x0000000080000000,0x0000000081fb6bd8,0x0000000084300000)
 Metaspace       used 45614K, committed 46720K, reserved 1114112K
  class space    used 4678K, committed 5184K, reserved 1048576K
}
Event: 21.167 GC heap after
{Heap after GC invocations=29 (full 2):
 PSYoungGen      total 19968K, used 992K [0x00000000d5580000, 0x00000000d6b00000, 0x0000000100000000)
  eden space 18944K, 0% used [0x00000000d5580000,0x00000000d5580000,0x00000000d6800000)
  from space 1024K, 96% used [0x00000000d6800000,0x00000000d68f8000,0x00000000d6900000)
  to   space 1536K, 0% used [0x00000000d6980000,0x00000000d6980000,0x00000000d6b00000)
 ParOldGen       total 68608K, used 34522K [0x0000000080000000, 0x0000000084300000, 0x00000000d5580000)
  object space 68608K, 50% used [0x0000000080000000,0x00000000821b6a38,0x0000000084300000)
 Metaspace       used 45614K, committed 46720K, reserved 1114112K
  class space    used 4678K, committed 5184K, reserved 1048576K
}

